<?xml version="1.0" encoding="UTF-8"?>
<testng-results ignored="0" total="1" passed="1" failed="0" skipped="0">
  <reporter-output>
  </reporter-output>
  <suite started-at="2025-07-06T16:01:27 IST" name="Surefire suite" finished-at="2025-07-06T16:01:41 IST" duration-ms="13655">
    <groups>
    </groups>
    <test started-at="2025-07-06T16:01:27 IST" name="Surefire test" finished-at="2025-07-06T16:01:41 IST" duration-ms="13655">
      <class name="runner.TestRunner">
        <test-method is-config="true" signature="setup()[pri:0, instance:runner.TestRunner@3e2e18f2]" started-at="2025-07-06T16:01:28 IST" name="setup" finished-at="2025-07-06T16:01:41 IST" duration-ms="13113" status="PASS">
          <reporter-output>
          </reporter-output>
        </test-method> <!-- setup -->
        <test-method signature="runTest()[pri:0, instance:runner.TestRunner@3e2e18f2]" started-at="2025-07-06T16:01:41 IST" name="runTest" finished-at="2025-07-06T16:01:41 IST" duration-ms="6" status="PASS">
          <reporter-output>
          </reporter-output>
        </test-method> <!-- runTest -->
        <test-method is-config="true" signature="tearDown()[pri:0, instance:runner.TestRunner@3e2e18f2]" started-at="2025-07-06T16:01:41 IST" name="tearDown" finished-at="2025-07-06T16:01:41 IST" duration-ms="462" status="PASS">
          <reporter-output>
          </reporter-output>
        </test-method> <!-- tearDown -->
      </class> <!-- runner.TestRunner -->
    </test> <!-- Surefire test -->
  </suite> <!-- Surefire suite -->
</testng-results>
